<?xml version="1.0" encoding="UTF-8"?>
<!-- Generated by org.testng.reporters.JUnitXMLReporter -->
<testsuite hostname="DESKTOP-D3J8HKS" ignored="4" name="Regression Testing" tests="5" failures="1" timestamp="23 Jun 2023 11:19:38 GMT" time="15.382" errors="0">
  <testcase name="atest1" time="0.01" classname="org.launchfb.Groups"/>
  <testcase name="atest4" time="0.001" classname="org.launchfb.Groups"/>
  <testcase name="multTests" time="15.266" classname="org.launchfb.AssertionClass">
    <failure type="java.lang.AssertionError" message="The following asserts failed:
	Title verification failed expected [Electronicss, Cars, Fashion, Collectibles &amp;amp; More | eBay] but found [Electronics, Cars, Fashion, Collectibles &amp;amp; More | eBay],
	Text verification failed expected [Searchh] but found [Search]">
      <![CDATA[java.lang.AssertionError: The following asserts failed:
Title verification failed expected [Electronicss, Cars, Fashion, Collectibles & More | eBay] but found [Electronics, Cars, Fashion, Collectibles & More | eBay],
Text verification failed expected [Searchh] but found [Search]
at org.launchfb.AssertionClass.multTests(AssertionClass.java:41)
... Removed 26 stack frames]]>
    </failure>
  </testcase> <!-- multTests -->
  <testcase name="bTest1" time="0.004" classname="org.launchfb.LoginTest"/>
  <testcase name="loginFb" time="0.004" classname="org.launchfb.LaunchFb"/>
  <testcase name="launchFb" time="0.0" classname="org.launchfb.LaunchFb">
    <ignored/>
  </testcase> <!-- launchFb -->
  <testcase name="aTest2" time="0.0" classname="org.launchfb.LoginTest">
    <ignored/>
  </testcase> <!-- aTest2 -->
  <testcase name="atest3" time="0.0" classname="org.launchfb.Groups">
    <ignored/>
  </testcase> <!-- atest3 -->
  <testcase name="atest2" time="0.0" classname="org.launchfb.Groups">
    <ignored/>
  </testcase> <!-- atest2 -->
</testsuite> <!-- Regression Testing -->
