<?xml version="1.0" encoding="UTF-8"?>
<!-- Generated by org.testng.reporters.JUnitXMLReporter -->
<testsuite hostname="DESKTOP-D3J8HKS" ignored="0" name="Separate Test" tests="5" failures="1" timestamp="23 Jun 2023 10:50:37 GMT" time="29.924" errors="0">
  <testcase name="atest1" time="0.001" classname="org.launchfb.Groups"/>
  <testcase name="atest2" time="0.001" classname="org.launchfb.Groups"/>
  <testcase name="atest3" time="0.0" classname="org.launchfb.Groups"/>
  <testcase name="atest4" time="0.001" classname="org.launchfb.Groups"/>
  <testcase name="multTests" time="29.914" classname="org.launchfb.AssertionClass">
    <failure type="java.lang.AssertionError" message="The following asserts failed:
	Text verification failed expected [Searchh] but found [Search]">
      <![CDATA[java.lang.AssertionError: The following asserts failed:
Text verification failed expected [Searchh] but found [Search]
at org.launchfb.AssertionClass.multTests(AssertionClass.java:41)
... Removed 27 stack frames]]>
    </failure>
  </testcase> <!-- multTests -->
</testsuite> <!-- Separate Test -->
